<?xml version="1.0" encoding="UTF-8"?>
<robot generator="Robot 6.1.1 (Python 3.12.0 on win32)" generated="20231231 14:40:22.959" rpa="false" schemaversion="4">
<suite id="s1" name="Test" source="C:\Users\benja\Documents\GitHub\test">
<suite id="s1-s1" name="Robot browserstack" source="C:\Users\benja\Documents\GitHub\test\Robot_browserstack">
<suite id="s1-s1-s1" name="Hotel-V3" source="C:\Users\benja\Documents\GitHub\test\Robot_browserstack\hotel-v3.robot">
<test id="s1-s1-s1-t1" name="Delete of the Bookings" line="108">
<kw name="Setup" type="SETUP">
<kw name="Open Browser" library="SeleniumLibrary">
<arg>${URL}</arg>
<arg>chrome</arg>
<doc>Opens a new browser instance to the optional ``url``.</doc>
<msg timestamp="20231231 14:40:23.375" level="INFO">Opening browser 'chrome' to base url 'http://hotel-v3.progmasters.hu'.</msg>
<status status="PASS" starttime="20231231 14:40:23.374" endtime="20231231 14:40:28.322"/>
</kw>
<kw name="Maximize Browser Window" library="SeleniumLibrary">
<doc>Maximizes current browser window.</doc>
<status status="PASS" starttime="20231231 14:40:28.322" endtime="20231231 14:40:28.450"/>
</kw>
<kw name="Title Should Be" library="SeleniumLibrary">
<arg>title=Hotel</arg>
<doc>Verifies that the current page title equals ``title``.</doc>
<msg timestamp="20231231 14:40:28.464" level="INFO">Page title is 'Hotel'.</msg>
<status status="PASS" starttime="20231231 14:40:28.450" endtime="20231231 14:40:28.464"/>
</kw>
<status status="PASS" starttime="20231231 14:40:23.372" endtime="20231231 14:40:28.464"/>
</kw>
<kw name="Login_guest">
<kw name="Click Element" library="SeleniumLibrary">
<arg>${LOGIN-BUTTON}</arg>
<doc>Click the element identified by ``locator``.</doc>
<msg timestamp="20231231 14:40:28.466" level="INFO">Clicking element '//*[@id="navbar"]/ul/li[2]/a'.</msg>
<status status="PASS" starttime="20231231 14:40:28.465" endtime="20231231 14:40:28.585"/>
</kw>
<kw name="Input Text" library="SeleniumLibrary">
<arg>//*[@id="email"]</arg>
<arg>${LOGIN-Credentials-GUEST}[0]</arg>
<doc>Types the given ``text`` into the text field identified by ``locator``.</doc>
<msg timestamp="20231231 14:40:28.585" level="INFO">Typing text 'hogap65094@zamaneta.com' into text field '//*[@id="email"]'.</msg>
<status status="PASS" starttime="20231231 14:40:28.585" endtime="20231231 14:40:28.842"/>
</kw>
<kw name="Input Text" library="SeleniumLibrary">
<arg>//*[@id="password"]</arg>
<arg>${LOGIN-Credentials-GUEST}[1]</arg>
<doc>Types the given ``text`` into the text field identified by ``locator``.</doc>
<msg timestamp="20231231 14:40:28.844" level="INFO">Typing text '1234' into text field '//*[@id="password"]'.</msg>
<status status="PASS" starttime="20231231 14:40:28.843" endtime="20231231 14:40:28.980"/>
</kw>
<kw name="Click Element" library="SeleniumLibrary">
<arg>//*[@id="loginMember"]/div[3]/div/button</arg>
<doc>Click the element identified by ``locator``.</doc>
<msg timestamp="20231231 14:40:28.981" level="INFO">Clicking element '//*[@id="loginMember"]/div[3]/div/button'.</msg>
<status status="PASS" starttime="20231231 14:40:28.981" endtime="20231231 14:40:29.101"/>
</kw>
<status status="PASS" starttime="20231231 14:40:28.465" endtime="20231231 14:40:29.102"/>
</kw>
<kw name="Wait Until Element Is Visible" library="SeleniumLibrary">
<arg>user-bookings</arg>
<doc>Waits until the element ``locator`` is visible.</doc>
<status status="PASS" starttime="20231231 14:40:29.103" endtime="20231231 14:40:29.362"/>
</kw>
<kw name="Click Element" library="SeleniumLibrary">
<arg>id:user-bookings</arg>
<doc>Click the element identified by ``locator``.</doc>
<msg timestamp="20231231 14:40:29.364" level="INFO">Clicking element 'id:user-bookings'.</msg>
<status status="PASS" starttime="20231231 14:40:29.362" endtime="20231231 14:40:29.448"/>
</kw>
<kw name="Wait Until Element Is Visible" library="SeleniumLibrary">
<arg>//button[@class="btn btn-primary mr-4 "]</arg>
<doc>Waits until the element ``locator`` is visible.</doc>
<status status="PASS" starttime="20231231 14:40:29.449" endtime="20231231 14:40:29.695"/>
</kw>
<kw name="Click Button" library="SeleniumLibrary">
<arg>//button[@class="btn btn-primary mr-4 "]</arg>
<doc>Clicks the button identified by ``locator``.</doc>
<msg timestamp="20231231 14:40:29.696" level="INFO">Clicking button '//button[@class="btn btn-primary mr-4 "]'.</msg>
<status status="PASS" starttime="20231231 14:40:29.695" endtime="20231231 14:40:29.832"/>
</kw>
<kw name="Click Button" library="SeleniumLibrary">
<arg>//button[@class="btn btn-primary"]</arg>
<doc>Clicks the button identified by ``locator``.</doc>
<msg timestamp="20231231 14:40:29.834" level="INFO">Clicking button '//button[@class="btn btn-primary"]'.</msg>
<status status="PASS" starttime="20231231 14:40:29.833" endtime="20231231 14:40:29.948"/>
</kw>
<kw name="Get WebElements" library="SeleniumLibrary">
<var>${buttons}</var>
<arg>//button[@class="btn btn-primary mr-4 "]</arg>
<doc>Returns a list of WebElement objects matching the ``locator``.</doc>
<msg timestamp="20231231 14:40:29.961" level="INFO">${buttons} = [&lt;selenium.webdriver.remote.webelement.WebElement (session="8f10d402955925946840c6883728baa8", element="E3A8C4B0674CC80E56517F1B79490921_element_51")&gt;, &lt;selenium.webdriver.remote.webelement.WebElement...</msg>
<status status="PASS" starttime="20231231 14:40:29.948" endtime="20231231 14:40:29.961"/>
</kw>
<for flavor="IN">
<var>${button}</var>
<value>@{buttons}</value>
<iter>
<var name="${button}">&lt;selenium.webdriver.remote.webelement.WebElement (session="8f10d402955925946840c6883728baa8", element="E3A8C4B0674CC80E56517F1B79490921_element_51")&gt;</var>
<kw name="Wait Until Element Is Visible" library="SeleniumLibrary">
<arg>${button}</arg>
<doc>Waits until the element ``locator`` is visible.</doc>
<status status="PASS" starttime="20231231 14:40:29.964" endtime="20231231 14:40:29.977"/>
</kw>
<kw name="Click Button" library="SeleniumLibrary">
<arg>${button}</arg>
<doc>Clicks the button identified by ``locator``.</doc>
<msg timestamp="20231231 14:40:29.978" level="INFO">Clicking button '&lt;selenium.webdriver.remote.webelement.WebElement (session="8f10d402955925946840c6883728baa8", element="E3A8C4B0674CC80E56517F1B79490921_element_51")&gt;'.</msg>
<status status="PASS" starttime="20231231 14:40:29.977" endtime="20231231 14:40:30.029"/>
</kw>
<kw name="Wait Until Element Is Visible" library="SeleniumLibrary">
<arg>//button[@class="btn btn-primary"]</arg>
<doc>Waits until the element ``locator`` is visible.</doc>
<status status="PASS" starttime="20231231 14:40:30.029" endtime="20231231 14:40:30.056"/>
</kw>
<kw name="Click Button" library="SeleniumLibrary">
<arg>//button[@class="btn btn-primary"]</arg>
<doc>Clicks the button identified by ``locator``.</doc>
<msg timestamp="20231231 14:40:30.057" level="INFO">Clicking button '//button[@class="btn btn-primary"]'.</msg>
<status status="PASS" starttime="20231231 14:40:30.056" endtime="20231231 14:40:30.141"/>
</kw>
<status status="PASS" starttime="20231231 14:40:29.963" endtime="20231231 14:40:30.141"/>
</iter>
<iter>
<var name="${button}">&lt;selenium.webdriver.remote.webelement.WebElement (session="8f10d402955925946840c6883728baa8", element="E3A8C4B0674CC80E56517F1B79490921_element_52")&gt;</var>
<kw name="Wait Until Element Is Visible" library="SeleniumLibrary">
<arg>${button}</arg>
<doc>Waits until the element ``locator`` is visible.</doc>
<status status="PASS" starttime="20231231 14:40:30.142" endtime="20231231 14:40:30.158"/>
</kw>
<kw name="Click Button" library="SeleniumLibrary">
<arg>${button}</arg>
<doc>Clicks the button identified by ``locator``.</doc>
<msg timestamp="20231231 14:40:30.159" level="INFO">Clicking button '&lt;selenium.webdriver.remote.webelement.WebElement (session="8f10d402955925946840c6883728baa8", element="E3A8C4B0674CC80E56517F1B79490921_element_52")&gt;'.</msg>
<status status="PASS" starttime="20231231 14:40:30.158" endtime="20231231 14:40:30.214"/>
</kw>
<kw name="Wait Until Element Is Visible" library="SeleniumLibrary">
<arg>//button[@class="btn btn-primary"]</arg>
<doc>Waits until the element ``locator`` is visible.</doc>
<status status="PASS" starttime="20231231 14:40:30.216" endtime="20231231 14:40:30.245"/>
</kw>
<kw name="Click Button" library="SeleniumLibrary">
<arg>//button[@class="btn btn-primary"]</arg>
<doc>Clicks the button identified by ``locator``.</doc>
<msg timestamp="20231231 14:40:30.246" level="INFO">Clicking button '//button[@class="btn btn-primary"]'.</msg>
<status status="PASS" starttime="20231231 14:40:30.245" endtime="20231231 14:40:30.332"/>
</kw>
<status status="PASS" starttime="20231231 14:40:30.142" endtime="20231231 14:40:30.332"/>
</iter>
<iter>
<var name="${button}">&lt;selenium.webdriver.remote.webelement.WebElement (session="8f10d402955925946840c6883728baa8", element="E3A8C4B0674CC80E56517F1B79490921_element_53")&gt;</var>
<kw name="Wait Until Element Is Visible" library="SeleniumLibrary">
<arg>${button}</arg>
<doc>Waits until the element ``locator`` is visible.</doc>
<status status="PASS" starttime="20231231 14:40:30.333" endtime="20231231 14:40:30.347"/>
</kw>
<kw name="Click Button" library="SeleniumLibrary">
<arg>${button}</arg>
<doc>Clicks the button identified by ``locator``.</doc>
<msg timestamp="20231231 14:40:30.349" level="INFO">Clicking button '&lt;selenium.webdriver.remote.webelement.WebElement (session="8f10d402955925946840c6883728baa8", element="E3A8C4B0674CC80E56517F1B79490921_element_53")&gt;'.</msg>
<status status="PASS" starttime="20231231 14:40:30.347" endtime="20231231 14:40:30.412"/>
</kw>
<kw name="Wait Until Element Is Visible" library="SeleniumLibrary">
<arg>//button[@class="btn btn-primary"]</arg>
<doc>Waits until the element ``locator`` is visible.</doc>
<msg timestamp="20231231 14:40:30.438" level="INFO">Suppressing StaleElementReferenceException from Selenium.</msg>
<status status="PASS" starttime="20231231 14:40:30.412" endtime="20231231 14:40:30.664"/>
</kw>
<kw name="Click Button" library="SeleniumLibrary">
<arg>//button[@class="btn btn-primary"]</arg>
<doc>Clicks the button identified by ``locator``.</doc>
<msg timestamp="20231231 14:40:30.664" level="INFO">Clicking button '//button[@class="btn btn-primary"]'.</msg>
<status status="PASS" starttime="20231231 14:40:30.664" endtime="20231231 14:40:30.768"/>
</kw>
<status status="PASS" starttime="20231231 14:40:30.333" endtime="20231231 14:40:30.768"/>
</iter>
<status status="PASS" starttime="20231231 14:40:29.961" endtime="20231231 14:40:30.768"/>
</for>
<status status="PASS" starttime="20231231 14:40:23.370" endtime="20231231 14:40:30.769"/>
</test>
<status status="PASS" starttime="20231231 14:40:23.113" endtime="20231231 14:40:30.774"/>
</suite>
<status status="PASS" starttime="20231231 14:40:23.108" endtime="20231231 14:40:30.778"/>
</suite>
<status status="PASS" starttime="20231231 14:40:23.070" endtime="20231231 14:40:30.779"/>
</suite>
<statistics>
<total>
<stat pass="1" fail="0" skip="0">All Tests</stat>
</total>
<tag>
</tag>
<suite>
<stat pass="1" fail="0" skip="0" id="s1" name="Test">Test</stat>
<stat pass="1" fail="0" skip="0" id="s1-s1" name="Robot browserstack">Test.Robot browserstack</stat>
<stat pass="1" fail="0" skip="0" id="s1-s1-s1" name="Hotel-V3">Test.Robot browserstack.Hotel-V3</stat>
</suite>
</statistics>
<errors>
</errors>
</robot>
